<?xml version="1.0" encoding="UTF-8"?>
<testng-results skipped="0" failed="0" total="1" passed="1">
  <reporter-output>
  </reporter-output>
  <suite name="Default suite" duration-ms="5456" started-at="2021-01-02T06:13:59Z" finished-at="2021-01-02T06:14:04Z">
    <groups>
    </groups>
    <test name="Default test" duration-ms="5456" started-at="2021-01-02T06:13:59Z" finished-at="2021-01-02T06:14:04Z">
      <class name="com.cleartrip.qa.tests.DemoTest">
        <test-method status="PASS" signature="setUp()[pri:0, instance:com.cleartrip.qa.tests.DemoTest@604ed9f0]" name="setUp" is-config="true" duration-ms="4137" started-at="2021-01-02T11:43:59Z" finished-at="2021-01-02T11:44:03Z">
          <reporter-output>
          </reporter-output>
        </test-method> <!-- setUp -->
        <test-method status="PASS" signature="SampleTestCase()[pri:0, instance:com.cleartrip.qa.tests.DemoTest@604ed9f0]" name="SampleTestCase" duration-ms="1217" started-at="2021-01-02T11:44:03Z" finished-at="2021-01-02T11:44:04Z">
          <reporter-output>
          </reporter-output>
        </test-method> <!-- SampleTestCase -->
        <test-method status="PASS" signature="tearDown()[pri:0, instance:com.cleartrip.qa.tests.DemoTest@604ed9f0]" name="tearDown" is-config="true" duration-ms="91" started-at="2021-01-02T11:44:04Z" finished-at="2021-01-02T11:44:04Z">
          <reporter-output>
          </reporter-output>
        </test-method> <!-- tearDown -->
      </class> <!-- com.cleartrip.qa.tests.DemoTest -->
    </test> <!-- Default test -->
  </suite> <!-- Default suite -->
</testng-results>
